# JRE version: OpenJDK Runtime Environment (21.0.8) (build 21.0.8+-14196175-b1038.72)
# Java VM: OpenJDK 64-Bit Server VM (21.0.8+-14196175-b1038.72, mixed mode, tiered, compressed oops, compressed class ptrs, g1 gc, linux-amd64)
GC Precious Log:
 CardTable entry size: 512
 Card Set container configuration: InlinePtr #cards 5 size 8 Array Of Cards #cards 12 size 40 Howl #buckets 4 coarsen threshold 1843 Howl Bitmap #cards 512 size 80 coarsen threshold 460 Card regions per heap region 1 cards per card region 2048
 CPUs: 8 total, 8 available
 Memory: 7627M
 Large Page Support: Disabled
 NUMA Support: Disabled
 Compressed Oops: Enabled (32-bit)
 Heap Region Size: 1M
 Heap Min Capacity: 8M
 Heap Initial Capacity: 120M
 Heap Max Capacity: 1G
 Pre-touch: Disabled
 Parallel Workers: 8
 Concurrent Workers: 2
 Concurrent Refinement Workers: 8
 Periodic GC: Disabled
Heap:
 garbage-first heap   total 398336K, used 268901K [0x00000000c0000000, 0x0000000100000000)
  region size 1024K, 35 young (35840K), 3 survivors (3072K)
 Metaspace       used 156514K, committed 159104K, reserved 1245184K
  class space    used 21070K, committed 22336K, reserved 1048576K
GC Heap History (20 events):
Event: 34.532 GC heap before
{Heap before GC invocations=55 (full 0):
 garbage-first heap   total 281600K, used 257061K [0x00000000c0000000, 0x0000000100000000)
  region size 1024K, 92 young (94208K), 8 survivors (8192K)
 Metaspace       used 136839K, committed 139200K, reserved 1179648K
  class space    used 18858K, committed 20032K, reserved 1048576K
}
Event: 34.546 GC heap after
{Heap after GC invocations=56 (full 0):
 garbage-first heap   total 281600K, used 176983K [0x00000000c0000000, 0x0000000100000000)
  region size 1024K, 11 young (11264K), 11 survivors (11264K)
 Metaspace       used 136839K, committed 139200K, reserved 1179648K
  class space    used 18858K, committed 20032K, reserved 1048576K
}
Event: 35.613 GC heap before
{Heap before GC invocations=57 (full 0):
 garbage-first heap   total 295936K, used 254807K [0x00000000c0000000, 0x0000000100000000)
  region size 1024K, 87 young (89088K), 11 survivors (11264K)
 Metaspace       used 137325K, committed 139712K, reserved 1179648K
  class space    used 18879K, committed 20032K, reserved 1048576K
}
Event: 35.638 GC heap after
{Heap after GC invocations=58 (full 0):
 garbage-first heap   total 295936K, used 183760K [0x00000000c0000000, 0x0000000100000000)
  region size 1024K, 11 young (11264K), 11 survivors (11264K)
 Metaspace       used 137325K, committed 139712K, reserved 1179648K
  class space    used 18879K, committed 20032K, reserved 1048576K
}
Event: 35.973 GC heap before
{Heap before GC invocations=58 (full 0):
 garbage-first heap   total 295936K, used 268752K [0x00000000c0000000, 0x0000000100000000)
  region size 1024K, 94 young (96256K), 11 survivors (11264K)
 Metaspace       used 137372K, committed 139712K, reserved 1179648K
  class space    used 18880K, committed 20032K, reserved 1048576K
}
Event: 36.003 GC heap after
{Heap after GC invocations=59 (full 0):
 garbage-first heap   total 295936K, used 187918K [0x00000000c0000000, 0x0000000100000000)
  region size 1024K, 6 young (6144K), 6 survivors (6144K)
 Metaspace       used 137372K, committed 139712K, reserved 1179648K
  class space    used 18880K, committed 20032K, reserved 1048576K
}
Event: 36.810 GC heap before
{Heap before GC invocations=59 (full 0):
 garbage-first heap   total 295936K, used 271886K [0x00000000c0000000, 0x0000000100000000)
  region size 1024K, 89 young (91136K), 6 survivors (6144K)
 Metaspace       used 138271K, committed 140608K, reserved 1179648K
  class space    used 18986K, committed 20160K, reserved 1048576K
}
Event: 36.824 GC heap after
{Heap after GC invocations=60 (full 0):
 garbage-first heap   total 295936K, used 193202K [0x00000000c0000000, 0x0000000100000000)
  region size 1024K, 11 young (11264K), 11 survivors (11264K)
 Metaspace       used 138271K, committed 140608K, reserved 1179648K
  class space    used 18986K, committed 20160K, reserved 1048576K
}
Event: 38.469 GC heap before
{Heap before GC invocations=61 (full 0):
 garbage-first heap   total 324608K, used 265906K [0x00000000c0000000, 0x0000000100000000)
  region size 1024K, 82 young (83968K), 11 survivors (11264K)
 Metaspace       used 144306K, committed 146752K, reserved 1179648K
  class space    used 19700K, committed 20928K, reserved 1048576K
}
Event: 38.503 GC heap after
{Heap after GC invocations=62 (full 0):
 garbage-first heap   total 324608K, used 199665K [0x00000000c0000000, 0x0000000100000000)
  region size 1024K, 7 young (7168K), 7 survivors (7168K)
 Metaspace       used 144306K, committed 146752K, reserved 1179648K
  class space    used 19700K, committed 20928K, reserved 1048576K
}
Event: 740.571 GC heap before
{Heap before GC invocations=62 (full 0):
 garbage-first heap   total 324608K, used 296945K [0x00000000c0000000, 0x0000000100000000)
  region size 1024K, 103 young (105472K), 7 survivors (7168K)
 Metaspace       used 150117K, committed 152640K, reserved 1245184K
  class space    used 20209K, committed 21440K, reserved 1048576K
}
Event: 740.586 GC heap after
{Heap after GC invocations=63 (full 0):
 garbage-first heap   total 324608K, used 202475K [0x00000000c0000000, 0x0000000100000000)
  region size 1024K, 12 young (12288K), 12 survivors (12288K)
 Metaspace       used 150117K, committed 152640K, reserved 1245184K
  class space    used 20209K, committed 21440K, reserved 1048576K
}
Event: 741.839 GC heap before
{Heap before GC invocations=63 (full 0):
 garbage-first heap   total 324608K, used 292587K [0x00000000c0000000, 0x0000000100000000)
  region size 1024K, 101 young (103424K), 12 survivors (12288K)
 Metaspace       used 152968K, committed 155520K, reserved 1245184K
  class space    used 20550K, committed 21824K, reserved 1048576K
}
Event: 741.860 GC heap after
{Heap after GC invocations=64 (full 0):
 garbage-first heap   total 324608K, used 211255K [0x00000000c0000000, 0x0000000100000000)
  region size 1024K, 13 young (13312K), 13 survivors (13312K)
 Metaspace       used 152968K, committed 155520K, reserved 1245184K
  class space    used 20550K, committed 21824K, reserved 1048576K
}
Event: 743.400 GC heap before
{Heap before GC invocations=65 (full 0):
 garbage-first heap   total 353280K, used 292151K [0x00000000c0000000, 0x0000000100000000)
  region size 1024K, 92 young (94208K), 13 survivors (13312K)
 Metaspace       used 155262K, committed 157824K, reserved 1245184K
  class space    used 20853K, committed 22144K, reserved 1048576K
}
Event: 743.433 GC heap after
{Heap after GC invocations=66 (full 0):
 garbage-first heap   total 353280K, used 220384K [0x00000000c0000000, 0x0000000100000000)
  region size 1024K, 10 young (10240K), 10 survivors (10240K)
 Metaspace       used 155262K, committed 157824K, reserved 1245184K
  class space    used 20853K, committed 22144K, reserved 1048576K
}
Event: 744.853 GC heap before
{Heap before GC invocations=66 (full 0):
 garbage-first heap   total 353280K, used 322784K [0x00000000c0000000, 0x0000000100000000)
  region size 1024K, 111 young (113664K), 10 survivors (10240K)
 Metaspace       used 156417K, committed 159040K, reserved 1245184K
  class space    used 21066K, committed 22336K, reserved 1048576K
}
Event: 744.887 GC heap after
{Heap after GC invocations=67 (full 0):
 garbage-first heap   total 353280K, used 233448K [0x00000000c0000000, 0x0000000100000000)
  region size 1024K, 14 young (14336K), 14 survivors (14336K)
 Metaspace       used 156417K, committed 159040K, reserved 1245184K
  class space    used 21066K, committed 22336K, reserved 1048576K
}
Event: 744.962 GC heap before
{Heap before GC invocations=67 (full 0):
 garbage-first heap   total 353280K, used 236520K [0x00000000c0000000, 0x0000000100000000)
  region size 1024K, 19 young (19456K), 14 survivors (14336K)
 Metaspace       used 156530K, committed 159104K, reserved 1245184K
  class space    used 21086K, committed 22336K, reserved 1048576K
}
Event: 744.984 GC heap after
{Heap after GC invocations=68 (full 0):
 garbage-first heap   total 353280K, used 236133K [0x00000000c0000000, 0x0000000100000000)
  region size 1024K, 3 young (3072K), 3 survivors (3072K)
 Metaspace       used 156530K, committed 159104K, reserved 1245184K
  class space    used 21086K, committed 22336K, reserved 1048576K
}

